<?xml version="1.0" encoding="UTF-8"?>
<!-- Generated by org.testng.reporters.JUnitReportReporter -->
<testsuite hostname="DESKTOP-2AIMR5M" failures="0" tests="3" name="DemoQA_usingTestNG.test_IndividualCase" time="26.816" errors="0" timestamp="2025-03-24T21:14:20 BDT" skipped="0">
  <testcase classname="DemoQA_usingTestNG.test_IndividualCase" name="extractNameAndSalary" time="5.583"/>
  <testcase classname="DemoQA_usingTestNG.test_IndividualCase" name="selectDatebySendKeys" time="6.322"/>
  <testcase classname="DemoQA_usingTestNG.test_IndividualCase" name="WindowMultiple" time="14.911"/>
</testsuite> <!-- DemoQA_usingTestNG.test_IndividualCase -->
