<?xml version="1.0" encoding="UTF-8"?>
<!-- Generated by org.testng.reporters.JUnitReportReporter -->
<testsuite hostname="DESKTOP-2AIMR5M" failures="0" tests="1" name="DemoQA_usingTestNG.ScrollPage" time="28.569" errors="0" timestamp="2025-03-24T21:14:20 BDT" skipped="0">
  <testcase classname="DemoQA_usingTestNG.ScrollPage" name="scroll" time="28.569"/>
</testsuite> <!-- DemoQA_usingTestNG.ScrollPage -->
