<?xml version="1.0" encoding="UTF-8"?>
<!-- Generated by org.testng.reporters.JUnitReportReporter -->
<testsuite hostname="DESKTOP-2AIMR5M" failures="0" tests="8" name="registration.Registrations" time="24.551" errors="0" timestamp="2025-03-18T15:29:55 BDT" skipped="1">
  <testcase classname="registration.Registrations" name="YouthRegistration1" time="1.139"/>
  <system-out/>
  <testcase classname="registration.Registrations" name="YouthRegistration4" time="0.053"/>
  <system-out/>
  <testcase classname="registration.Registrations" name="DomainURL" time="11.799"/>
  <system-out/>
  <testcase classname="registration.Registrations" name="YouthRegistration2" time="0.996"/>
  <system-out/>
  <testcase classname="registration.Registrations" name="Scroll" time="4.065"/>
  <system-out/>
  <testcase classname="registration.Registrations" name="YouthSearch" time="1.975"/>
  <system-out/>
  <testcase classname="registration.Registrations" name="TakeScreenShot" time="4.524"/>
  <system-out/>
  <testcase classname="registration.Registrations" name="DomainURLfalse">
    <skipped/>
  </testcase> <!-- DomainURLfalse -->
  <system-out/>
</testsuite> <!-- registration.Registrations -->
