<?xml version="1.0" encoding="UTF-8"?>
<!-- Generated by org.testng.reporters.JUnitReportReporter -->
<testsuite hostname="DESKTOP-2AIMR5M" failures="0" tests="6" name="EWUian.SuccessStoryPreview" time="16.166" errors="0" timestamp="2025-04-12T14:17:57 BDT" skipped="3">
  <testcase classname="EWUian.SuccessStoryPreview" name="SuccessStory2" time="2.299"/>
  <testcase classname="EWUian.SuccessStoryPreview" name="DomainURL" time="12.754"/>
  <testcase classname="EWUian.SuccessStoryPreview" name="SuccessStory1" time="1.113"/>
  <testcase classname="EWUian.SuccessStoryPreview" name="SuccessStory3">
    <skipped/>
  </testcase> <!-- SuccessStory3 -->
  <testcase classname="EWUian.SuccessStoryPreview" name="SuccessStory5">
    <skipped/>
  </testcase> <!-- SuccessStory5 -->
  <testcase classname="EWUian.SuccessStoryPreview" name="PreviewSuccessStory">
    <skipped/>
  </testcase> <!-- PreviewSuccessStory -->
</testsuite> <!-- EWUian.SuccessStoryPreview -->
