<?xml version="1.0" encoding="UTF-8"?>
<!-- Generated by org.testng.reporters.JUnitReportReporter -->
<testsuite hostname="DESKTOP-2AIMR5M" failures="0" tests="8" name="EWUian.Registrations" time="24.370" errors="0" timestamp="2025-04-12T14:17:57 BDT" skipped="1">
  <testcase classname="EWUian.Registrations" name="TakeScreenShot" time="3.804"/>
  <testcase classname="EWUian.Registrations" name="YouthRegistration1" time="0.880"/>
  <testcase classname="EWUian.Registrations" name="Scroll" time="4.089"/>
  <testcase classname="EWUian.Registrations" name="YouthSearch" time="2.019"/>
  <testcase classname="EWUian.Registrations" name="YouthRegistration4" time="0.054"/>
  <testcase classname="EWUian.Registrations" name="DomainURL" time="12.607"/>
  <testcase classname="EWUian.Registrations" name="YouthRegistration2" time="0.917"/>
  <testcase classname="EWUian.Registrations" name="DomainURLfalse">
    <skipped/>
  </testcase> <!-- DomainURLfalse -->
</testsuite> <!-- EWUian.Registrations -->
