<?xml version="1.0" encoding="UTF-8"?>
<!-- Generated by org.testng.reporters.JUnitReportReporter -->
<testsuite hostname="DESKTOP-2AIMR5M" failures="0" tests="6" name="EWUian.caseRegistration" time="21.925" errors="0" timestamp="2025-04-12T14:17:57 BDT" skipped="0">
  <testcase classname="EWUian.caseRegistration" name="YouthRegistration_Case1" time="1.388"/>
  <testcase classname="EWUian.caseRegistration" name="Scroll" time="4.045"/>
  <testcase classname="EWUian.caseRegistration" name="YouthRegistration_Case2" time="0.994"/>
  <testcase classname="EWUian.caseRegistration" name="DomainURL" time="12.959"/>
  <testcase classname="EWUian.caseRegistration" name="YouthRegistration1" time="1.398"/>
  <testcase classname="EWUian.caseRegistration" name="YouthRegistration_Case3" time="1.141"/>
</testsuite> <!-- EWUian.caseRegistration -->
