<?xml version="1.0" encoding="UTF-8"?>
<!-- Generated by org.testng.reporters.JUnitReportReporter -->
<testsuite hostname="DESKTOP-2AIMR5M" failures="0" tests="9" name="EWUian.JobSearch" time="34.900" errors="0" timestamp="2025-04-12T14:17:57 BDT" skipped="2">
  <testcase classname="EWUian.JobSearch" name="JobSearch_step1" time="13.299"/>
  <testcase classname="EWUian.JobSearch" name="JobSearch_step2" time="2.135"/>
  <testcase classname="EWUian.JobSearch" name="JobSearch_step3" time="3.511"/>
  <testcase classname="EWUian.JobSearch" name="JobSearch_step4" time="3.609"/>
  <testcase classname="EWUian.JobSearch" name="JobSearch_step5" time="5.379"/>
  <testcase classname="EWUian.JobSearch" name="JobSearch_step6" time="3.047"/>
  <testcase classname="EWUian.JobSearch" name="UpdateAccount" time="3.920"/>
  <testcase classname="EWUian.JobSearch" name="presentAddressCountry">
    <skipped/>
  </testcase> <!-- presentAddressCountry -->
  <testcase classname="EWUian.JobSearch" name="UpdateProfilePicture">
    <skipped/>
  </testcase> <!-- UpdateProfilePicture -->
</testsuite> <!-- EWUian.JobSearch -->
